2026-04-03 20:18:10,784 - root - INFO - Configurazione del logging completata. File errori: C:\Dropbox\Ronca_Dev\code\py\CobrakAI\CobrakAI_PLC2MQTT\log\CobrakAi.log
2026-04-03 20:18:14,468 - root - INFO - START mode=OPCUA config=C:\Dropbox\Ronca_Dev\code\py\CobrakAI\CobrakAI_PLC2MQTT\config\config.ini
2026-04-03 20:18:14,468 - root - INFO - OPCUA: start
2026-04-03 20:18:14,468 - root - INFO - OPCUA: config endpoint=opc.tcp://10.0.0.1:4840 security_policy=None security_mode=None user=no auto_cert=yes
2026-04-03 20:18:14,475 - OpcUa.ClientOpcUa - INFO - OPCUA: connect start endpoint=opc.tcp://10.0.0.1:4840 security_policy=None security_mode=None user=no cert=C:\Dropbox\Ronca_Dev\code\py\CobrakAI\CobrakAI_PLC2MQTT\OpcUa\pki\client_cert.der key=C:\Dropbox\Ronca_Dev\code\py\CobrakAI\CobrakAI_PLC2MQTT\OpcUa\pki\client_key.pem server_cert=
2026-04-03 20:18:14,475 - opcua.client.ua_client.Socket - INFO - opening connection
2026-04-03 20:18:14,652 - opcua.client.ua_client.Socket - INFO - Thread started
2026-04-03 20:18:14,819 - opcua.uaprotocol - INFO - received header: Header(type:b'ACK', chunk_type:b'F', body_size:20, channel:0)
2026-04-03 20:18:14,819 - opcua.client.ua_client.Socket - INFO - open_secure_channel
2026-04-03 20:18:15,001 - opcua.uaprotocol - INFO - received header: Header(type:b'OPN', chunk_type:b'F', body_size:124, channel:2732260888)
2026-04-03 20:18:15,003 - opcua.client.ua_client - INFO - create_session
2026-04-03 20:18:15,190 - opcua.uaprotocol - INFO - received header: Header(type:b'MSG', chunk_type:b'F', body_size:5354, channel:2732260888)
2026-04-03 20:18:15,197 - opcua.client.client - WARNING - Requested session timeout to be 3600000ms, got 30000ms instead
2026-04-03 20:18:15,198 - opcua.client.ua_client - INFO - activate_session
2026-04-03 20:18:15,382 - opcua.uaprotocol - INFO - received header: Header(type:b'MSG', chunk_type:b'F', body_size:84, channel:2732260888)
2026-04-03 20:18:15,382 - OpcUa.ClientOpcUa - INFO - OPCUA: connect ok endpoint=opc.tcp://10.0.0.1:4840
2026-04-03 20:18:15,383 - root - INFO - OPCUA: connect ok endpoint=opc.tcp://10.0.0.1:4840 security_policy=None security_mode=None
2026-04-03 20:18:15,383 - root - INFO - OPCUA: sync variables dir=C:\Dropbox\Ronca_Dev\code\py\CobrakAI\CobrakAI_PLC2MQTT\Variabili
2026-04-03 20:18:15,384 - OpcUa.ClientOpcUa - INFO - OPCUA: scope node found scope=ns=3;s=DataBlocksGlobal endpoint=opc.tcp://10.0.0.1:4840
2026-04-03 20:18:15,384 - opcua.client.ua_client - INFO - read
2026-04-03 20:18:15,561 - opcua.uaprotocol - INFO - received header: Header(type:b'MSG', chunk_type:b'F', body_size:72, channel:2732260888)
2026-04-03 20:18:15,562 - opcua.client.ua_client - INFO - read
2026-04-03 20:18:15,734 - opcua.uaprotocol - INFO - received header: Header(type:b'MSG', chunk_type:b'F', body_size:54, channel:2732260888)
2026-04-03 20:18:15,735 - opcua.client.ua_client - INFO - browse
2026-04-03 20:18:15,920 - opcua.uaprotocol - INFO - received header: Header(type:b'MSG', chunk_type:b'F', body_size:96, channel:2732260888)
2026-04-03 20:18:15,921 - opcua.client.ua_client - INFO - browse next
2026-04-03 20:18:16,116 - opcua.uaprotocol - INFO - received header: Header(type:b'MSG', chunk_type:b'F', body_size:1081, channel:2732260888)
2026-04-03 20:18:16,118 - opcua.client.ua_client - INFO - read
2026-04-03 20:18:16,294 - opcua.uaprotocol - INFO - received header: Header(type:b'MSG', chunk_type:b'F', body_size:60, channel:2732260888)
2026-04-03 20:18:16,295 - opcua.client.ua_client - INFO - read
2026-04-03 20:18:16,462 - opcua.uaprotocol - INFO - received header: Header(type:b'MSG', chunk_type:b'F', body_size:54, channel:2732260888)
2026-04-03 20:18:16,463 - opcua.client.ua_client - INFO - read
2026-04-03 20:18:16,632 - opcua.uaprotocol - INFO - received header: Header(type:b'MSG', chunk_type:b'F', body_size:54, channel:2732260888)
2026-04-03 20:18:16,632 - opcua.client.ua_client - INFO - browse
2026-04-03 20:18:16,796 - opcua.uaprotocol - INFO - received header: Header(type:b'MSG', chunk_type:b'F', body_size:92, channel:2732260888)
2026-04-03 20:18:16,797 - opcua.client.ua_client - INFO - browse
2026-04-03 20:18:16,953 - opcua.uaprotocol - INFO - received header: Header(type:b'MSG', chunk_type:b'F', body_size:60, channel:2732260888)
2026-04-03 20:18:16,954 - opcua.client.ua_client - INFO - read
2026-04-03 20:18:17,118 - opcua.uaprotocol - INFO - received header: Header(type:b'MSG', chunk_type:b'F', body_size:66, channel:2732260888)
2026-04-03 20:18:17,120 - opcua.client.ua_client - INFO - read
2026-04-03 20:18:17,306 - opcua.uaprotocol - INFO - received header: Header(type:b'MSG', chunk_type:b'F', body_size:54, channel:2732260888)
2026-04-03 20:18:17,307 - opcua.client.ua_client - INFO - browse
2026-04-03 20:18:17,480 - opcua.uaprotocol - INFO - received header: Header(type:b'MSG', chunk_type:b'F', body_size:1402, channel:2732260888)
2026-04-03 20:18:17,482 - opcua.client.ua_client - INFO - read
2026-04-03 20:18:17,663 - opcua.uaprotocol - INFO - received header: Header(type:b'MSG', chunk_type:b'F', body_size:61, channel:2732260888)
2026-04-03 20:18:17,664 - opcua.client.ua_client - INFO - read
2026-04-03 20:18:17,835 - opcua.uaprotocol - INFO - received header: Header(type:b'MSG', chunk_type:b'F', body_size:54, channel:2732260888)
2026-04-03 20:18:17,836 - opcua.client.ua_client - INFO - browse
2026-04-03 20:18:17,996 - opcua.uaprotocol - INFO - received header: Header(type:b'MSG', chunk_type:b'F', body_size:301, channel:2732260888)
2026-04-03 20:18:17,998 - opcua.client.ua_client - INFO - read
2026-04-03 20:18:18,176 - opcua.uaprotocol - INFO - received header: Header(type:b'MSG', chunk_type:b'F', body_size:64, channel:2732260888)
2026-04-03 20:18:18,177 - opcua.client.ua_client - INFO - read
2026-04-03 20:18:18,354 - opcua.uaprotocol - INFO - received header: Header(type:b'MSG', chunk_type:b'F', body_size:54, channel:2732260888)
2026-04-03 20:18:18,359 - opcua.client.ua_client - INFO - browse
2026-04-03 20:18:18,549 - opcua.uaprotocol - INFO - received header: Header(type:b'MSG', chunk_type:b'F', body_size:6219, channel:2732260888)
2026-04-03 20:18:18,563 - opcua.client.ua_client - INFO - read
2026-04-03 20:18:18,735 - opcua.uaprotocol - INFO - received header: Header(type:b'MSG', chunk_type:b'F', body_size:70, channel:2732260888)
2026-04-03 20:18:18,736 - opcua.client.ua_client - INFO - read
2026-04-03 20:18:18,896 - opcua.uaprotocol - INFO - received header: Header(type:b'MSG', chunk_type:b'F', body_size:54, channel:2732260888)
2026-04-03 20:18:18,896 - opcua.client.ua_client - INFO - browse
2026-04-03 20:18:19,056 - opcua.uaprotocol - INFO - received header: Header(type:b'MSG', chunk_type:b'F', body_size:257, channel:2732260888)
2026-04-03 20:18:19,057 - opcua.client.ua_client - INFO - read
2026-04-03 20:18:19,234 - opcua.uaprotocol - INFO - received header: Header(type:b'MSG', chunk_type:b'F', body_size:63, channel:2732260888)
2026-04-03 20:18:19,234 - opcua.client.ua_client - INFO - read
2026-04-03 20:18:19,395 - opcua.uaprotocol - INFO - received header: Header(type:b'MSG', chunk_type:b'F', body_size:54, channel:2732260888)
2026-04-03 20:18:19,396 - opcua.client.ua_client - INFO - browse
2026-04-03 20:18:19,577 - opcua.uaprotocol - INFO - received header: Header(type:b'MSG', chunk_type:b'F', body_size:229, channel:2732260888)
2026-04-03 20:18:19,578 - opcua.client.ua_client - INFO - read
2026-04-03 20:18:19,753 - opcua.uaprotocol - INFO - received header: Header(type:b'MSG', chunk_type:b'F', body_size:58, channel:2732260888)
2026-04-03 20:18:19,755 - opcua.client.ua_client - INFO - read
2026-04-03 20:18:19,917 - opcua.uaprotocol - INFO - received header: Header(type:b'MSG', chunk_type:b'F', body_size:54, channel:2732260888)
2026-04-03 20:18:19,918 - opcua.client.ua_client - INFO - browse
2026-04-03 20:18:20,105 - opcua.uaprotocol - INFO - received header: Header(type:b'MSG', chunk_type:b'F', body_size:209, channel:2732260888)
2026-04-03 20:18:20,106 - opcua.client.ua_client - INFO - read
2026-04-03 20:18:20,273 - opcua.uaprotocol - INFO - received header: Header(type:b'MSG', chunk_type:b'F', body_size:70, channel:2732260888)
2026-04-03 20:18:20,274 - opcua.client.ua_client - INFO - read
2026-04-03 20:18:20,436 - opcua.uaprotocol - INFO - received header: Header(type:b'MSG', chunk_type:b'F', body_size:54, channel:2732260888)
2026-04-03 20:18:20,436 - opcua.client.ua_client - INFO - browse
2026-04-03 20:18:20,637 - opcua.uaprotocol - INFO - received header: Header(type:b'MSG', chunk_type:b'F', body_size:6792, channel:2732260888)
2026-04-03 20:18:20,652 - opcua.client.ua_client - INFO - read
2026-04-03 20:18:20,834 - opcua.uaprotocol - INFO - received header: Header(type:b'MSG', chunk_type:b'F', body_size:66, channel:2732260888)
2026-04-03 20:18:20,834 - opcua.client.ua_client - INFO - read
2026-04-03 20:18:20,993 - opcua.uaprotocol - INFO - received header: Header(type:b'MSG', chunk_type:b'F', body_size:54, channel:2732260888)
2026-04-03 20:18:20,994 - opcua.client.ua_client - INFO - browse
2026-04-03 20:18:21,176 - opcua.uaprotocol - INFO - received header: Header(type:b'MSG', chunk_type:b'F', body_size:300, channel:2732260888)
2026-04-03 20:18:21,177 - opcua.client.ua_client - INFO - read
2026-04-03 20:18:21,362 - opcua.uaprotocol - INFO - received header: Header(type:b'MSG', chunk_type:b'F', body_size:69, channel:2732260888)
2026-04-03 20:18:21,363 - opcua.client.ua_client - INFO - read
2026-04-03 20:18:21,537 - opcua.uaprotocol - INFO - received header: Header(type:b'MSG', chunk_type:b'F', body_size:54, channel:2732260888)
2026-04-03 20:18:21,539 - opcua.client.ua_client - INFO - browse
2026-04-03 20:18:21,722 - opcua.uaprotocol - INFO - received header: Header(type:b'MSG', chunk_type:b'F', body_size:180, channel:2732260888)
2026-04-03 20:18:21,722 - opcua.client.ua_client - INFO - read
2026-04-03 20:18:21,895 - opcua.uaprotocol - INFO - received header: Header(type:b'MSG', chunk_type:b'F', body_size:58, channel:2732260888)
2026-04-03 20:18:21,896 - opcua.client.ua_client - INFO - read
2026-04-03 20:18:22,063 - opcua.uaprotocol - INFO - received header: Header(type:b'MSG', chunk_type:b'F', body_size:54, channel:2732260888)
2026-04-03 20:18:22,063 - opcua.client.ua_client - INFO - browse
2026-04-03 20:18:22,235 - opcua.uaprotocol - INFO - received header: Header(type:b'MSG', chunk_type:b'F', body_size:280, channel:2732260888)
2026-04-03 20:18:22,237 - opcua.client.ua_client - INFO - read
2026-04-03 20:18:22,414 - opcua.uaprotocol - INFO - received header: Header(type:b'MSG', chunk_type:b'F', body_size:70, channel:2732260888)
2026-04-03 20:18:22,415 - opcua.client.ua_client - INFO - read
2026-04-03 20:18:22,616 - opcua.uaprotocol - INFO - received header: Header(type:b'MSG', chunk_type:b'F', body_size:54, channel:2732260888)
2026-04-03 20:18:22,617 - opcua.client.ua_client - INFO - browse
2026-04-03 20:18:22,789 - opcua.uaprotocol - INFO - received header: Header(type:b'MSG', chunk_type:b'F', body_size:2440, channel:2732260888)
2026-04-03 20:18:22,796 - opcua.client.ua_client - INFO - read
2026-04-03 20:18:22,970 - opcua.uaprotocol - INFO - received header: Header(type:b'MSG', chunk_type:b'F', body_size:74, channel:2732260888)
2026-04-03 20:18:22,971 - opcua.client.ua_client - INFO - read
2026-04-03 20:18:23,138 - opcua.uaprotocol - INFO - received header: Header(type:b'MSG', chunk_type:b'F', body_size:54, channel:2732260888)
2026-04-03 20:18:23,162 - opcua.client.ua_client - INFO - browse
2026-04-03 20:18:23,345 - opcua.uaprotocol - INFO - received header: Header(type:b'MSG', chunk_type:b'F', body_size:857, channel:2732260888)
2026-04-03 20:18:23,348 - opcua.client.ua_client - INFO - read
2026-04-03 20:18:23,515 - opcua.uaprotocol - INFO - received header: Header(type:b'MSG', chunk_type:b'F', body_size:70, channel:2732260888)
2026-04-03 20:18:23,516 - opcua.client.ua_client - INFO - read
2026-04-03 20:18:23,681 - opcua.uaprotocol - INFO - received header: Header(type:b'MSG', chunk_type:b'F', body_size:54, channel:2732260888)
2026-04-03 20:18:23,682 - opcua.client.ua_client - INFO - browse
2026-04-03 20:18:23,857 - opcua.uaprotocol - INFO - received header: Header(type:b'MSG', chunk_type:b'F', body_size:316, channel:2732260888)
2026-04-03 20:18:23,858 - opcua.client.ua_client - INFO - read
2026-04-03 20:18:24,035 - opcua.uaprotocol - INFO - received header: Header(type:b'MSG', chunk_type:b'F', body_size:70, channel:2732260888)
2026-04-03 20:18:24,037 - opcua.client.ua_client - INFO - read
2026-04-03 20:18:24,204 - opcua.uaprotocol - INFO - received header: Header(type:b'MSG', chunk_type:b'F', body_size:54, channel:2732260888)
2026-04-03 20:18:24,205 - opcua.client.ua_client - INFO - browse
2026-04-03 20:18:24,375 - opcua.uaprotocol - INFO - received header: Header(type:b'MSG', chunk_type:b'F', body_size:218, channel:2732260888)
2026-04-03 20:18:24,376 - opcua.client.ua_client - INFO - read
2026-04-03 20:18:24,536 - opcua.uaprotocol - INFO - received header: Header(type:b'MSG', chunk_type:b'F', body_size:70, channel:2732260888)
2026-04-03 20:18:24,537 - opcua.client.ua_client - INFO - read
2026-04-03 20:18:24,725 - opcua.uaprotocol - INFO - received header: Header(type:b'MSG', chunk_type:b'F', body_size:54, channel:2732260888)
2026-04-03 20:18:24,726 - opcua.client.ua_client - INFO - browse
2026-04-03 20:18:24,894 - opcua.uaprotocol - INFO - received header: Header(type:b'MSG', chunk_type:b'F', body_size:218, channel:2732260888)
2026-04-03 20:18:24,895 - opcua.client.ua_client - INFO - read
2026-04-03 20:18:25,074 - opcua.uaprotocol - INFO - received header: Header(type:b'MSG', chunk_type:b'F', body_size:59, channel:2732260888)
2026-04-03 20:18:25,075 - opcua.client.ua_client - INFO - read
2026-04-03 20:18:25,243 - opcua.uaprotocol - INFO - received header: Header(type:b'MSG', chunk_type:b'F', body_size:54, channel:2732260888)
2026-04-03 20:18:25,245 - opcua.client.ua_client - INFO - browse
2026-04-03 20:18:25,425 - opcua.uaprotocol - INFO - received header: Header(type:b'MSG', chunk_type:b'F', body_size:5926, channel:2732260888)
2026-04-03 20:18:25,457 - opcua.client.ua_client - INFO - read
2026-04-03 20:18:25,623 - opcua.uaprotocol - INFO - received header: Header(type:b'MSG', chunk_type:b'F', body_size:70, channel:2732260888)
2026-04-03 20:18:25,623 - opcua.client.ua_client - INFO - read
2026-04-03 20:18:25,794 - opcua.uaprotocol - INFO - received header: Header(type:b'MSG', chunk_type:b'F', body_size:54, channel:2732260888)
2026-04-03 20:18:25,795 - opcua.client.ua_client - INFO - browse
2026-04-03 20:18:25,968 - opcua.uaprotocol - INFO - received header: Header(type:b'MSG', chunk_type:b'F', body_size:1593, channel:2732260888)
2026-04-03 20:18:25,971 - opcua.client.ua_client - INFO - read
2026-04-03 20:18:26,145 - opcua.uaprotocol - INFO - received header: Header(type:b'MSG', chunk_type:b'F', body_size:61, channel:2732260888)
2026-04-03 20:18:26,145 - opcua.client.ua_client - INFO - read
2026-04-03 20:18:26,313 - opcua.uaprotocol - INFO - received header: Header(type:b'MSG', chunk_type:b'F', body_size:54, channel:2732260888)
2026-04-03 20:18:26,313 - opcua.client.ua_client - INFO - read
2026-04-03 20:18:26,497 - opcua.uaprotocol - INFO - received header: Header(type:b'MSG', chunk_type:b'F', body_size:80, channel:2732260888)
2026-04-03 20:18:26,498 - opcua.client.ua_client - INFO - browse
2026-04-03 20:18:26,713 - opcua.uaprotocol - INFO - received header: Header(type:b'MSG', chunk_type:b'F', body_size:118, channel:2732260888)
2026-04-03 20:18:26,714 - opcua.client.ua_client - INFO - browse
2026-04-03 20:18:26,893 - opcua.uaprotocol - INFO - received header: Header(type:b'MSG', chunk_type:b'F', body_size:100, channel:2732260888)
2026-04-03 20:18:26,894 - opcua.client.ua_client - INFO - browse
2026-04-03 20:18:27,055 - opcua.uaprotocol - INFO - received header: Header(type:b'MSG', chunk_type:b'F', body_size:620, channel:2732260888)
2026-04-03 20:18:27,058 - opcua.client.ua_client - INFO - read
2026-04-03 20:18:27,222 - opcua.uaprotocol - INFO - received header: Header(type:b'MSG', chunk_type:b'F', body_size:64, channel:2732260888)
2026-04-03 20:18:27,223 - opcua.client.ua_client - INFO - read
2026-04-03 20:18:27,395 - opcua.uaprotocol - INFO - received header: Header(type:b'MSG', chunk_type:b'F', body_size:54, channel:2732260888)
2026-04-03 20:18:27,396 - opcua.client.ua_client - INFO - read
2026-04-03 20:18:27,563 - opcua.uaprotocol - INFO - received header: Header(type:b'MSG', chunk_type:b'F', body_size:83, channel:2732260888)
2026-04-03 20:18:27,564 - opcua.client.ua_client - INFO - browse
2026-04-03 20:18:27,722 - opcua.uaprotocol - INFO - received header: Header(type:b'MSG', chunk_type:b'F', body_size:118, channel:2732260888)
2026-04-03 20:18:27,723 - opcua.client.ua_client - INFO - browse
2026-04-03 20:18:27,894 - opcua.uaprotocol - INFO - received header: Header(type:b'MSG', chunk_type:b'F', body_size:100, channel:2732260888)
2026-04-03 20:18:27,895 - opcua.client.ua_client - INFO - browse
2026-04-03 20:18:28,057 - opcua.uaprotocol - INFO - received header: Header(type:b'MSG', chunk_type:b'F', body_size:327, channel:2732260888)
2026-04-03 20:18:28,057 - opcua.client.ua_client - INFO - read
2026-04-03 20:18:28,222 - opcua.uaprotocol - INFO - received header: Header(type:b'MSG', chunk_type:b'F', body_size:65, channel:2732260888)
2026-04-03 20:18:28,223 - opcua.client.ua_client - INFO - read
2026-04-03 20:18:28,397 - opcua.uaprotocol - INFO - received header: Header(type:b'MSG', chunk_type:b'F', body_size:54, channel:2732260888)
2026-04-03 20:18:28,398 - opcua.client.ua_client - INFO - read
2026-04-03 20:18:28,558 - opcua.uaprotocol - INFO - received header: Header(type:b'MSG', chunk_type:b'F', body_size:84, channel:2732260888)
2026-04-03 20:18:28,559 - opcua.client.ua_client - INFO - browse
2026-04-03 20:18:28,761 - opcua.uaprotocol - INFO - received header: Header(type:b'MSG', chunk_type:b'F', body_size:118, channel:2732260888)
2026-04-03 20:18:28,762 - opcua.client.ua_client - INFO - browse
2026-04-03 20:18:28,936 - opcua.uaprotocol - INFO - received header: Header(type:b'MSG', chunk_type:b'F', body_size:100, channel:2732260888)
2026-04-03 20:18:28,937 - opcua.client.ua_client - INFO - browse
2026-04-03 20:18:29,118 - opcua.uaprotocol - INFO - received header: Header(type:b'MSG', chunk_type:b'F', body_size:1650, channel:2732260888)
2026-04-03 20:18:29,120 - opcua.client.ua_client - INFO - read
2026-04-03 20:18:29,284 - opcua.uaprotocol - INFO - received header: Header(type:b'MSG', chunk_type:b'F', body_size:64, channel:2732260888)
2026-04-03 20:18:29,285 - opcua.client.ua_client - INFO - read
2026-04-03 20:18:29,461 - opcua.uaprotocol - INFO - received header: Header(type:b'MSG', chunk_type:b'F', body_size:54, channel:2732260888)
2026-04-03 20:18:29,462 - opcua.client.ua_client - INFO - read
2026-04-03 20:18:29,656 - opcua.uaprotocol - INFO - received header: Header(type:b'MSG', chunk_type:b'F', body_size:83, channel:2732260888)
2026-04-03 20:18:29,657 - opcua.client.ua_client - INFO - browse
2026-04-03 20:18:29,833 - opcua.uaprotocol - INFO - received header: Header(type:b'MSG', chunk_type:b'F', body_size:118, channel:2732260888)
2026-04-03 20:18:29,834 - opcua.client.ua_client - INFO - browse
2026-04-03 20:18:29,994 - opcua.uaprotocol - INFO - received header: Header(type:b'MSG', chunk_type:b'F', body_size:100, channel:2732260888)
2026-04-03 20:18:29,996 - opcua.client.ua_client - INFO - browse
2026-04-03 20:18:30,163 - opcua.uaprotocol - INFO - received header: Header(type:b'MSG', chunk_type:b'F', body_size:327, channel:2732260888)
2026-04-03 20:18:30,168 - opcua.client.ua_client - INFO - read
2026-04-03 20:18:30,335 - opcua.uaprotocol - INFO - received header: Header(type:b'MSG', chunk_type:b'F', body_size:66, channel:2732260888)
2026-04-03 20:18:30,336 - opcua.client.ua_client - INFO - read
2026-04-03 20:18:30,502 - opcua.uaprotocol - INFO - received header: Header(type:b'MSG', chunk_type:b'F', body_size:54, channel:2732260888)
2026-04-03 20:18:30,504 - opcua.client.ua_client - INFO - read
2026-04-03 20:18:30,674 - opcua.uaprotocol - INFO - received header: Header(type:b'MSG', chunk_type:b'F', body_size:85, channel:2732260888)
2026-04-03 20:18:30,674 - opcua.client.ua_client - INFO - browse
2026-04-03 20:18:30,865 - opcua.uaprotocol - INFO - received header: Header(type:b'MSG', chunk_type:b'F', body_size:118, channel:2732260888)
2026-04-03 20:18:30,868 - opcua.client.ua_client - INFO - browse
2026-04-03 20:18:31,033 - opcua.uaprotocol - INFO - received header: Header(type:b'MSG', chunk_type:b'F', body_size:100, channel:2732260888)
2026-04-03 20:18:31,034 - opcua.client.ua_client - INFO - browse
2026-04-03 20:18:31,202 - opcua.uaprotocol - INFO - received header: Header(type:b'MSG', chunk_type:b'F', body_size:215, channel:2732260888)
2026-04-03 20:18:31,203 - opcua.client.ua_client - INFO - read
2026-04-03 20:18:31,377 - opcua.uaprotocol - INFO - received header: Header(type:b'MSG', chunk_type:b'F', body_size:75, channel:2732260888)
2026-04-03 20:18:31,377 - opcua.client.ua_client - INFO - read
2026-04-03 20:18:31,553 - opcua.uaprotocol - INFO - received header: Header(type:b'MSG', chunk_type:b'F', body_size:54, channel:2732260888)
2026-04-03 20:18:31,554 - opcua.client.ua_client - INFO - read
2026-04-03 20:18:31,734 - opcua.uaprotocol - INFO - received header: Header(type:b'MSG', chunk_type:b'F', body_size:94, channel:2732260888)
2026-04-03 20:18:31,735 - opcua.client.ua_client - INFO - browse
2026-04-03 20:18:31,922 - opcua.uaprotocol - INFO - received header: Header(type:b'MSG', chunk_type:b'F', body_size:118, channel:2732260888)
2026-04-03 20:18:31,923 - opcua.client.ua_client - INFO - browse
2026-04-03 20:18:32,094 - opcua.uaprotocol - INFO - received header: Header(type:b'MSG', chunk_type:b'F', body_size:100, channel:2732260888)
2026-04-03 20:18:32,094 - opcua.client.ua_client - INFO - browse
2026-04-03 20:18:32,263 - opcua.uaprotocol - INFO - received header: Header(type:b'MSG', chunk_type:b'F', body_size:817, channel:2732260888)
2026-04-03 20:18:32,264 - opcua.client.ua_client - INFO - read
2026-04-03 20:18:32,433 - opcua.uaprotocol - INFO - received header: Header(type:b'MSG', chunk_type:b'F', body_size:66, channel:2732260888)
2026-04-03 20:18:32,434 - opcua.client.ua_client - INFO - read
2026-04-03 20:18:32,615 - opcua.uaprotocol - INFO - received header: Header(type:b'MSG', chunk_type:b'F', body_size:54, channel:2732260888)
2026-04-03 20:18:32,616 - opcua.client.ua_client - INFO - read
2026-04-03 20:18:32,784 - opcua.uaprotocol - INFO - received header: Header(type:b'MSG', chunk_type:b'F', body_size:85, channel:2732260888)
2026-04-03 20:18:32,785 - opcua.client.ua_client - INFO - browse
2026-04-03 20:18:32,964 - opcua.uaprotocol - INFO - received header: Header(type:b'MSG', chunk_type:b'F', body_size:118, channel:2732260888)
2026-04-03 20:18:32,966 - opcua.client.ua_client - INFO - browse
2026-04-03 20:18:33,134 - opcua.uaprotocol - INFO - received header: Header(type:b'MSG', chunk_type:b'F', body_size:100, channel:2732260888)
2026-04-03 20:18:33,134 - opcua.client.ua_client - INFO - browse
2026-04-03 20:18:33,317 - opcua.uaprotocol - INFO - received header: Header(type:b'MSG', chunk_type:b'F', body_size:2412, channel:2732260888)
2026-04-03 20:18:33,324 - opcua.client.ua_client - INFO - read
2026-04-03 20:18:33,502 - opcua.uaprotocol - INFO - received header: Header(type:b'MSG', chunk_type:b'F', body_size:59, channel:2732260888)
2026-04-03 20:18:33,505 - opcua.client.ua_client - INFO - read
2026-04-03 20:18:33,675 - opcua.uaprotocol - INFO - received header: Header(type:b'MSG', chunk_type:b'F', body_size:54, channel:2732260888)
2026-04-03 20:18:33,675 - opcua.client.ua_client - INFO - read
2026-04-03 20:18:33,854 - opcua.uaprotocol - INFO - received header: Header(type:b'MSG', chunk_type:b'F', body_size:78, channel:2732260888)
2026-04-03 20:18:33,854 - opcua.client.ua_client - INFO - browse
2026-04-03 20:18:34,015 - opcua.uaprotocol - INFO - received header: Header(type:b'MSG', chunk_type:b'F', body_size:118, channel:2732260888)
2026-04-03 20:18:34,016 - opcua.client.ua_client - INFO - browse
2026-04-03 20:18:34,182 - opcua.uaprotocol - INFO - received header: Header(type:b'MSG', chunk_type:b'F', body_size:100, channel:2732260888)
2026-04-03 20:18:34,182 - opcua.client.ua_client - INFO - browse
2026-04-03 20:18:34,369 - opcua.uaprotocol - INFO - received header: Header(type:b'MSG', chunk_type:b'C', body_size:8180, channel:2732260888)
2026-04-03 20:18:34,383 - opcua.uaprotocol - INFO - received header: Header(type:b'MSG', chunk_type:b'F', body_size:1010, channel:2732260888)
2026-04-03 20:18:34,390 - opcua.client.ua_client - INFO - browse next
2026-04-03 20:18:34,572 - opcua.uaprotocol - INFO - received header: Header(type:b'MSG', chunk_type:b'F', body_size:2496, channel:2732260888)
2026-04-03 20:18:34,580 - opcua.client.ua_client - INFO - read
2026-04-03 20:18:34,760 - opcua.uaprotocol - INFO - received header: Header(type:b'MSG', chunk_type:b'F', body_size:64, channel:2732260888)
2026-04-03 20:18:34,761 - opcua.client.ua_client - INFO - read
2026-04-03 20:18:34,961 - opcua.uaprotocol - INFO - received header: Header(type:b'MSG', chunk_type:b'F', body_size:54, channel:2732260888)
2026-04-03 20:18:34,962 - opcua.client.ua_client - INFO - read
2026-04-03 20:18:35,122 - opcua.uaprotocol - INFO - received header: Header(type:b'MSG', chunk_type:b'F', body_size:83, channel:2732260888)
2026-04-03 20:18:35,123 - opcua.client.ua_client - INFO - browse
2026-04-03 20:18:35,301 - opcua.uaprotocol - INFO - received header: Header(type:b'MSG', chunk_type:b'F', body_size:118, channel:2732260888)
2026-04-03 20:18:35,302 - opcua.client.ua_client - INFO - browse
2026-04-03 20:18:35,483 - opcua.uaprotocol - INFO - received header: Header(type:b'MSG', chunk_type:b'F', body_size:100, channel:2732260888)
2026-04-03 20:18:35,483 - opcua.client.ua_client - INFO - browse
2026-04-03 20:18:35,702 - opcua.uaprotocol - INFO - received header: Header(type:b'MSG', chunk_type:b'F', body_size:161, channel:2732260888)
2026-04-03 20:18:35,703 - opcua.client.ua_client - INFO - read
2026-04-03 20:18:35,874 - opcua.uaprotocol - INFO - received header: Header(type:b'MSG', chunk_type:b'F', body_size:64, channel:2732260888)
2026-04-03 20:18:35,898 - opcua.client.ua_client - INFO - read
2026-04-03 20:18:36,077 - opcua.uaprotocol - INFO - received header: Header(type:b'MSG', chunk_type:b'F', body_size:54, channel:2732260888)
2026-04-03 20:18:36,078 - opcua.client.ua_client - INFO - read
2026-04-03 20:18:36,200 - opcua.client.ua_client.Socket - INFO - open_secure_channel
2026-04-03 20:18:36,258 - opcua.uaprotocol - INFO - received header: Header(type:b'MSG', chunk_type:b'F', body_size:83, channel:2732260888)
2026-04-03 20:18:36,259 - opcua.client.ua_client - INFO - browse
2026-04-03 20:18:36,379 - opcua.uaprotocol - INFO - received header: Header(type:b'OPN', chunk_type:b'F', body_size:124, channel:2732260888)
2026-04-03 20:18:36,380 - opcua.client.ua_client - INFO - read
2026-04-03 20:18:36,421 - opcua.uaprotocol - INFO - received header: Header(type:b'MSG', chunk_type:b'F', body_size:118, channel:2732260888)
2026-04-03 20:18:36,422 - opcua.client.ua_client - INFO - browse
2026-04-03 20:18:36,551 - opcua.uaprotocol - INFO - received header: Header(type:b'MSG', chunk_type:b'F', body_size:62, channel:2732260888)
2026-04-03 20:18:36,592 - opcua.uaprotocol - INFO - received header: Header(type:b'MSG', chunk_type:b'F', body_size:100, channel:2732260888)
2026-04-03 20:18:36,593 - opcua.client.ua_client - INFO - browse
2026-04-03 20:18:36,772 - opcua.uaprotocol - INFO - received header: Header(type:b'MSG', chunk_type:b'F', body_size:3274, channel:2732260888)
2026-04-03 20:18:36,777 - opcua.client.ua_client - INFO - read
2026-04-03 20:18:36,943 - opcua.uaprotocol - INFO - received header: Header(type:b'MSG', chunk_type:b'F', body_size:59, channel:2732260888)
2026-04-03 20:18:36,943 - opcua.client.ua_client - INFO - read
2026-04-03 20:18:37,115 - opcua.uaprotocol - INFO - received header: Header(type:b'MSG', chunk_type:b'F', body_size:54, channel:2732260888)
2026-04-03 20:18:37,116 - opcua.client.ua_client - INFO - read
2026-04-03 20:18:37,376 - opcua.uaprotocol - INFO - received header: Header(type:b'MSG', chunk_type:b'F', body_size:78, channel:2732260888)
2026-04-03 20:18:37,376 - opcua.client.ua_client - INFO - browse
2026-04-03 20:18:37,553 - opcua.uaprotocol - INFO - received header: Header(type:b'MSG', chunk_type:b'F', body_size:118, channel:2732260888)
2026-04-03 20:18:37,556 - opcua.client.ua_client - INFO - browse
2026-04-03 20:18:37,735 - opcua.uaprotocol - INFO - received header: Header(type:b'MSG', chunk_type:b'F', body_size:100, channel:2732260888)
2026-04-03 20:18:37,736 - opcua.client.ua_client - INFO - browse
2026-04-03 20:18:37,904 - opcua.uaprotocol - INFO - received header: Header(type:b'MSG', chunk_type:b'F', body_size:156, channel:2732260888)
2026-04-03 20:18:37,904 - opcua.client.ua_client - INFO - read
2026-04-03 20:18:38,074 - opcua.uaprotocol - INFO - received header: Header(type:b'MSG', chunk_type:b'F', body_size:59, channel:2732260888)
2026-04-03 20:18:38,074 - opcua.client.ua_client - INFO - read
2026-04-03 20:18:38,241 - opcua.uaprotocol - INFO - received header: Header(type:b'MSG', chunk_type:b'F', body_size:54, channel:2732260888)
2026-04-03 20:18:38,242 - opcua.client.ua_client - INFO - read
2026-04-03 20:18:38,403 - opcua.uaprotocol - INFO - received header: Header(type:b'MSG', chunk_type:b'F', body_size:78, channel:2732260888)
2026-04-03 20:18:38,404 - opcua.client.ua_client - INFO - browse
2026-04-03 20:18:38,573 - opcua.uaprotocol - INFO - received header: Header(type:b'MSG', chunk_type:b'F', body_size:118, channel:2732260888)
2026-04-03 20:18:38,574 - opcua.client.ua_client - INFO - browse
2026-04-03 20:18:38,735 - opcua.uaprotocol - INFO - received header: Header(type:b'MSG', chunk_type:b'F', body_size:100, channel:2732260888)
2026-04-03 20:18:38,735 - opcua.client.ua_client - INFO - browse
2026-04-03 20:18:38,905 - opcua.uaprotocol - INFO - received header: Header(type:b'MSG', chunk_type:b'F', body_size:780, channel:2732260888)
2026-04-03 20:18:38,906 - opcua.client.ua_client - INFO - read
2026-04-03 20:18:39,074 - opcua.uaprotocol - INFO - received header: Header(type:b'MSG', chunk_type:b'F', body_size:61, channel:2732260888)
2026-04-03 20:18:39,075 - opcua.client.ua_client - INFO - read
2026-04-03 20:18:39,235 - opcua.uaprotocol - INFO - received header: Header(type:b'MSG', chunk_type:b'F', body_size:54, channel:2732260888)
2026-04-03 20:18:39,236 - opcua.client.ua_client - INFO - read
2026-04-03 20:18:39,403 - opcua.uaprotocol - INFO - received header: Header(type:b'MSG', chunk_type:b'F', body_size:80, channel:2732260888)
2026-04-03 20:18:39,404 - opcua.client.ua_client - INFO - browse
2026-04-03 20:18:39,574 - opcua.uaprotocol - INFO - received header: Header(type:b'MSG', chunk_type:b'F', body_size:118, channel:2732260888)
2026-04-03 20:18:39,575 - opcua.client.ua_client - INFO - browse
2026-04-03 20:18:39,736 - opcua.uaprotocol - INFO - received header: Header(type:b'MSG', chunk_type:b'F', body_size:100, channel:2732260888)
2026-04-03 20:18:39,736 - opcua.client.ua_client - INFO - browse
2026-04-03 20:18:39,904 - opcua.uaprotocol - INFO - received header: Header(type:b'MSG', chunk_type:b'F', body_size:597, channel:2732260888)
2026-04-03 20:18:39,905 - opcua.client.ua_client - INFO - read
2026-04-03 20:18:40,075 - opcua.uaprotocol - INFO - received header: Header(type:b'MSG', chunk_type:b'F', body_size:65, channel:2732260888)
2026-04-03 20:18:40,076 - opcua.client.ua_client - INFO - read
2026-04-03 20:18:40,236 - opcua.uaprotocol - INFO - received header: Header(type:b'MSG', chunk_type:b'F', body_size:54, channel:2732260888)
2026-04-03 20:18:40,236 - opcua.client.ua_client - INFO - read
2026-04-03 20:18:40,404 - opcua.uaprotocol - INFO - received header: Header(type:b'MSG', chunk_type:b'F', body_size:84, channel:2732260888)
2026-04-03 20:18:40,405 - opcua.client.ua_client - INFO - browse
2026-04-03 20:18:40,585 - opcua.uaprotocol - INFO - received header: Header(type:b'MSG', chunk_type:b'F', body_size:118, channel:2732260888)
2026-04-03 20:18:40,585 - opcua.client.ua_client - INFO - browse
2026-04-03 20:18:40,754 - opcua.uaprotocol - INFO - received header: Header(type:b'MSG', chunk_type:b'F', body_size:100, channel:2732260888)
2026-04-03 20:18:40,754 - opcua.client.ua_client - INFO - browse
2026-04-03 20:18:40,924 - opcua.uaprotocol - INFO - received header: Header(type:b'MSG', chunk_type:b'F', body_size:588, channel:2732260888)
2026-04-03 20:18:40,925 - opcua.client.ua_client - INFO - read
2026-04-03 20:18:41,111 - opcua.uaprotocol - INFO - received header: Header(type:b'MSG', chunk_type:b'F', body_size:61, channel:2732260888)
2026-04-03 20:18:41,112 - opcua.client.ua_client - INFO - read
2026-04-03 20:18:41,274 - opcua.uaprotocol - INFO - received header: Header(type:b'MSG', chunk_type:b'F', body_size:54, channel:2732260888)
2026-04-03 20:18:41,275 - opcua.client.ua_client - INFO - read
2026-04-03 20:18:41,456 - opcua.uaprotocol - INFO - received header: Header(type:b'MSG', chunk_type:b'F', body_size:75, channel:2732260888)
2026-04-03 20:18:41,456 - opcua.client.ua_client - INFO - browse
2026-04-03 20:18:41,621 - opcua.uaprotocol - INFO - received header: Header(type:b'MSG', chunk_type:b'F', body_size:118, channel:2732260888)
2026-04-03 20:18:41,624 - opcua.client.ua_client - INFO - browse
2026-04-03 20:18:41,802 - opcua.uaprotocol - INFO - received header: Header(type:b'MSG', chunk_type:b'F', body_size:100, channel:2732260888)
2026-04-03 20:18:41,803 - opcua.client.ua_client - INFO - browse
2026-04-03 20:18:41,975 - opcua.uaprotocol - INFO - received header: Header(type:b'MSG', chunk_type:b'F', body_size:250, channel:2732260888)
2026-04-03 20:18:41,975 - opcua.client.ua_client - INFO - read
2026-04-03 20:18:42,155 - opcua.uaprotocol - INFO - received header: Header(type:b'MSG', chunk_type:b'F', body_size:61, channel:2732260888)
2026-04-03 20:18:42,156 - opcua.client.ua_client - INFO - read
2026-04-03 20:18:42,341 - opcua.uaprotocol - INFO - received header: Header(type:b'MSG', chunk_type:b'F', body_size:54, channel:2732260888)
2026-04-03 20:18:42,342 - opcua.client.ua_client - INFO - read
2026-04-03 20:18:42,514 - opcua.uaprotocol - INFO - received header: Header(type:b'MSG', chunk_type:b'F', body_size:75, channel:2732260888)
2026-04-03 20:18:42,514 - opcua.client.ua_client - INFO - browse
2026-04-03 20:18:42,696 - opcua.uaprotocol - INFO - received header: Header(type:b'MSG', chunk_type:b'F', body_size:118, channel:2732260888)
2026-04-03 20:18:42,696 - opcua.client.ua_client - INFO - browse
2026-04-03 20:18:42,865 - opcua.uaprotocol - INFO - received header: Header(type:b'MSG', chunk_type:b'F', body_size:100, channel:2732260888)
2026-04-03 20:18:42,866 - opcua.client.ua_client - INFO - browse
2026-04-03 20:18:43,036 - opcua.uaprotocol - INFO - received header: Header(type:b'MSG', chunk_type:b'F', body_size:151, channel:2732260888)
2026-04-03 20:18:43,037 - opcua.client.ua_client - INFO - read
2026-04-03 20:18:43,215 - opcua.uaprotocol - INFO - received header: Header(type:b'MSG', chunk_type:b'F', body_size:65, channel:2732260888)
2026-04-03 20:18:43,216 - opcua.client.ua_client - INFO - read
2026-04-03 20:18:43,394 - opcua.uaprotocol - INFO - received header: Header(type:b'MSG', chunk_type:b'F', body_size:54, channel:2732260888)
2026-04-03 20:18:43,395 - opcua.client.ua_client - INFO - read
2026-04-03 20:18:43,562 - opcua.uaprotocol - INFO - received header: Header(type:b'MSG', chunk_type:b'F', body_size:79, channel:2732260888)
2026-04-03 20:18:43,563 - opcua.client.ua_client - INFO - browse
2026-04-03 20:18:43,734 - opcua.uaprotocol - INFO - received header: Header(type:b'MSG', chunk_type:b'F', body_size:118, channel:2732260888)
2026-04-03 20:18:43,734 - opcua.client.ua_client - INFO - browse
2026-04-03 20:18:43,894 - opcua.uaprotocol - INFO - received header: Header(type:b'MSG', chunk_type:b'F', body_size:100, channel:2732260888)
2026-04-03 20:18:43,895 - opcua.client.ua_client - INFO - browse
2026-04-03 20:18:44,067 - opcua.uaprotocol - INFO - received header: Header(type:b'MSG', chunk_type:b'F', body_size:355, channel:2732260888)
2026-04-03 20:18:44,068 - opcua.client.ua_client - INFO - read
2026-04-03 20:18:44,235 - opcua.uaprotocol - INFO - received header: Header(type:b'MSG', chunk_type:b'F', body_size:60, channel:2732260888)
2026-04-03 20:18:44,236 - opcua.client.ua_client - INFO - read
2026-04-03 20:18:44,395 - opcua.uaprotocol - INFO - received header: Header(type:b'MSG', chunk_type:b'F', body_size:54, channel:2732260888)
2026-04-03 20:18:44,395 - opcua.client.ua_client - INFO - read
2026-04-03 20:18:44,562 - opcua.uaprotocol - INFO - received header: Header(type:b'MSG', chunk_type:b'F', body_size:54, channel:2732260888)
2026-04-03 20:18:44,562 - opcua.client.ua_client - INFO - browse
2026-04-03 20:18:44,735 - opcua.uaprotocol - INFO - received header: Header(type:b'MSG', chunk_type:b'F', body_size:94, channel:2732260888)
2026-04-03 20:18:44,736 - opcua.client.ua_client - INFO - browse
2026-04-03 20:18:44,893 - opcua.uaprotocol - INFO - received header: Header(type:b'MSG', chunk_type:b'F', body_size:60, channel:2732260888)
2026-04-03 20:18:44,894 - opcua.client.ua_client - INFO - read
2026-04-03 20:18:45,063 - opcua.uaprotocol - INFO - received header: Header(type:b'MSG', chunk_type:b'F', body_size:60, channel:2732260888)
2026-04-03 20:18:45,064 - opcua.client.ua_client - INFO - read
2026-04-03 20:18:45,233 - opcua.uaprotocol - INFO - received header: Header(type:b'MSG', chunk_type:b'F', body_size:54, channel:2732260888)
2026-04-03 20:18:45,234 - opcua.client.ua_client - INFO - read
2026-04-03 20:18:45,396 - opcua.uaprotocol - INFO - received header: Header(type:b'MSG', chunk_type:b'F', body_size:54, channel:2732260888)
2026-04-03 20:18:45,397 - opcua.client.ua_client - INFO - browse
2026-04-03 20:18:45,564 - opcua.uaprotocol - INFO - received header: Header(type:b'MSG', chunk_type:b'F', body_size:94, channel:2732260888)
2026-04-03 20:18:45,564 - opcua.client.ua_client - INFO - browse
2026-04-03 20:18:45,737 - opcua.uaprotocol - INFO - received header: Header(type:b'MSG', chunk_type:b'F', body_size:60, channel:2732260888)
2026-04-03 20:18:45,738 - opcua.client.ua_client - INFO - read
2026-04-03 20:18:45,921 - opcua.uaprotocol - INFO - received header: Header(type:b'MSG', chunk_type:b'F', body_size:60, channel:2732260888)
2026-04-03 20:18:45,922 - opcua.client.ua_client - INFO - read
2026-04-03 20:18:46,096 - opcua.uaprotocol - INFO - received header: Header(type:b'MSG', chunk_type:b'F', body_size:54, channel:2732260888)
2026-04-03 20:18:46,097 - opcua.client.ua_client - INFO - read
2026-04-03 20:18:46,275 - opcua.uaprotocol - INFO - received header: Header(type:b'MSG', chunk_type:b'F', body_size:54, channel:2732260888)
2026-04-03 20:18:46,276 - opcua.client.ua_client - INFO - browse
2026-04-03 20:18:46,434 - opcua.uaprotocol - INFO - received header: Header(type:b'MSG', chunk_type:b'F', body_size:94, channel:2732260888)
2026-04-03 20:18:46,435 - opcua.client.ua_client - INFO - browse
2026-04-03 20:18:46,981 - opcua.uaprotocol - INFO - received header: Header(type:b'MSG', chunk_type:b'F', body_size:60, channel:2732260888)
2026-04-03 20:18:46,982 - opcua.client.ua_client - INFO - read
2026-04-03 20:18:47,192 - opcua.uaprotocol - INFO - received header: Header(type:b'MSG', chunk_type:b'F', body_size:60, channel:2732260888)
2026-04-03 20:18:47,193 - opcua.client.ua_client - INFO - read
2026-04-03 20:18:47,375 - opcua.uaprotocol - INFO - received header: Header(type:b'MSG', chunk_type:b'F', body_size:54, channel:2732260888)
2026-04-03 20:18:47,376 - opcua.client.ua_client - INFO - read
2026-04-03 20:18:47,563 - opcua.uaprotocol - INFO - received header: Header(type:b'MSG', chunk_type:b'F', body_size:54, channel:2732260888)
2026-04-03 20:18:47,563 - opcua.client.ua_client - INFO - browse
2026-04-03 20:18:47,733 - opcua.uaprotocol - INFO - received header: Header(type:b'MSG', chunk_type:b'F', body_size:94, channel:2732260888)
2026-04-03 20:18:47,733 - opcua.client.ua_client - INFO - browse
2026-04-03 20:18:47,922 - opcua.uaprotocol - INFO - received header: Header(type:b'MSG', chunk_type:b'F', body_size:60, channel:2732260888)
2026-04-03 20:18:47,923 - opcua.client.ua_client - INFO - read
2026-04-03 20:18:48,103 - opcua.uaprotocol - INFO - received header: Header(type:b'MSG', chunk_type:b'F', body_size:60, channel:2732260888)
2026-04-03 20:18:48,103 - opcua.client.ua_client - INFO - read
2026-04-03 20:18:48,279 - opcua.uaprotocol - INFO - received header: Header(type:b'MSG', chunk_type:b'F', body_size:54, channel:2732260888)
2026-04-03 20:18:48,280 - opcua.client.ua_client - INFO - read
2026-04-03 20:18:48,456 - opcua.uaprotocol - INFO - received header: Header(type:b'MSG', chunk_type:b'F', body_size:54, channel:2732260888)
2026-04-03 20:18:48,457 - opcua.client.ua_client - INFO - browse
2026-04-03 20:18:48,650 - opcua.uaprotocol - INFO - received header: Header(type:b'MSG', chunk_type:b'F', body_size:94, channel:2732260888)
2026-04-03 20:18:48,651 - opcua.client.ua_client - INFO - browse
2026-04-03 20:18:48,828 - opcua.uaprotocol - INFO - received header: Header(type:b'MSG', chunk_type:b'F', body_size:60, channel:2732260888)
2026-04-03 20:18:48,828 - opcua.client.ua_client - INFO - read
2026-04-03 20:18:48,994 - opcua.uaprotocol - INFO - received header: Header(type:b'MSG', chunk_type:b'F', body_size:60, channel:2732260888)
2026-04-03 20:18:48,994 - opcua.client.ua_client - INFO - read
2026-04-03 20:18:49,155 - opcua.uaprotocol - INFO - received header: Header(type:b'MSG', chunk_type:b'F', body_size:54, channel:2732260888)
2026-04-03 20:18:49,156 - opcua.client.ua_client - INFO - read
2026-04-03 20:18:49,321 - opcua.uaprotocol - INFO - received header: Header(type:b'MSG', chunk_type:b'F', body_size:54, channel:2732260888)
2026-04-03 20:18:49,322 - opcua.client.ua_client - INFO - browse
2026-04-03 20:18:49,494 - opcua.uaprotocol - INFO - received header: Header(type:b'MSG', chunk_type:b'F', body_size:94, channel:2732260888)
2026-04-03 20:18:49,495 - opcua.client.ua_client - INFO - browse
2026-04-03 20:18:49,663 - opcua.uaprotocol - INFO - received header: Header(type:b'MSG', chunk_type:b'F', body_size:60, channel:2732260888)
2026-04-03 20:18:49,664 - opcua.client.ua_client - INFO - read
2026-04-03 20:18:49,831 - opcua.uaprotocol - INFO - received header: Header(type:b'MSG', chunk_type:b'F', body_size:60, channel:2732260888)
2026-04-03 20:18:49,831 - opcua.client.ua_client - INFO - read
2026-04-03 20:18:49,994 - opcua.uaprotocol - INFO - received header: Header(type:b'MSG', chunk_type:b'F', body_size:54, channel:2732260888)
2026-04-03 20:18:49,994 - opcua.client.ua_client - INFO - read
2026-04-03 20:18:50,176 - opcua.uaprotocol - INFO - received header: Header(type:b'MSG', chunk_type:b'F', body_size:54, channel:2732260888)
2026-04-03 20:18:50,177 - opcua.client.ua_client - INFO - browse
2026-04-03 20:18:50,354 - opcua.uaprotocol - INFO - received header: Header(type:b'MSG', chunk_type:b'F', body_size:94, channel:2732260888)
2026-04-03 20:18:50,355 - opcua.client.ua_client - INFO - browse
2026-04-03 20:18:50,523 - opcua.uaprotocol - INFO - received header: Header(type:b'MSG', chunk_type:b'F', body_size:60, channel:2732260888)
2026-04-03 20:18:50,524 - opcua.client.ua_client - INFO - read
2026-04-03 20:18:50,698 - opcua.uaprotocol - INFO - received header: Header(type:b'MSG', chunk_type:b'F', body_size:60, channel:2732260888)
2026-04-03 20:18:50,699 - opcua.client.ua_client - INFO - read
2026-04-03 20:18:50,879 - opcua.uaprotocol - INFO - received header: Header(type:b'MSG', chunk_type:b'F', body_size:54, channel:2732260888)
2026-04-03 20:18:50,880 - opcua.client.ua_client - INFO - read
2026-04-03 20:18:51,058 - opcua.uaprotocol - INFO - received header: Header(type:b'MSG', chunk_type:b'F', body_size:54, channel:2732260888)
2026-04-03 20:18:51,059 - opcua.client.ua_client - INFO - browse
2026-04-03 20:18:51,242 - opcua.uaprotocol - INFO - received header: Header(type:b'MSG', chunk_type:b'F', body_size:94, channel:2732260888)
2026-04-03 20:18:51,244 - opcua.client.ua_client - INFO - browse
2026-04-03 20:18:51,461 - opcua.uaprotocol - INFO - received header: Header(type:b'MSG', chunk_type:b'F', body_size:60, channel:2732260888)
2026-04-03 20:18:51,462 - opcua.client.ua_client - INFO - read
2026-04-03 20:18:51,634 - opcua.uaprotocol - INFO - received header: Header(type:b'MSG', chunk_type:b'F', body_size:60, channel:2732260888)
2026-04-03 20:18:51,636 - opcua.client.ua_client - INFO - read
2026-04-03 20:18:52,022 - opcua.uaprotocol - INFO - received header: Header(type:b'MSG', chunk_type:b'F', body_size:54, channel:2732260888)
2026-04-03 20:18:52,023 - opcua.client.ua_client - INFO - read
2026-04-03 20:18:52,204 - opcua.uaprotocol - INFO - received header: Header(type:b'MSG', chunk_type:b'F', body_size:54, channel:2732260888)
2026-04-03 20:18:52,205 - opcua.client.ua_client - INFO - browse
2026-04-03 20:18:52,373 - opcua.uaprotocol - INFO - received header: Header(type:b'MSG', chunk_type:b'F', body_size:94, channel:2732260888)
2026-04-03 20:18:52,374 - opcua.client.ua_client - INFO - browse
2026-04-03 20:18:52,556 - opcua.uaprotocol - INFO - received header: Header(type:b'MSG', chunk_type:b'F', body_size:60, channel:2732260888)
2026-04-03 20:18:52,557 - opcua.client.ua_client - INFO - read
2026-04-03 20:18:52,736 - opcua.uaprotocol - INFO - received header: Header(type:b'MSG', chunk_type:b'F', body_size:61, channel:2732260888)
2026-04-03 20:18:52,737 - opcua.client.ua_client - INFO - read
2026-04-03 20:18:52,895 - opcua.uaprotocol - INFO - received header: Header(type:b'MSG', chunk_type:b'F', body_size:54, channel:2732260888)
2026-04-03 20:18:52,896 - opcua.client.ua_client - INFO - read
2026-04-03 20:18:53,060 - opcua.uaprotocol - INFO - received header: Header(type:b'MSG', chunk_type:b'F', body_size:54, channel:2732260888)
2026-04-03 20:18:53,060 - opcua.client.ua_client - INFO - browse
2026-04-03 20:18:53,236 - opcua.uaprotocol - INFO - received header: Header(type:b'MSG', chunk_type:b'F', body_size:94, channel:2732260888)
2026-04-03 20:18:53,237 - opcua.client.ua_client - INFO - browse
2026-04-03 20:18:53,398 - opcua.uaprotocol - INFO - received header: Header(type:b'MSG', chunk_type:b'F', body_size:60, channel:2732260888)
2026-04-03 20:18:53,399 - opcua.client.ua_client - INFO - read
2026-04-03 20:18:53,586 - opcua.uaprotocol - INFO - received header: Header(type:b'MSG', chunk_type:b'F', body_size:61, channel:2732260888)
2026-04-03 20:18:53,587 - opcua.client.ua_client - INFO - read
2026-04-03 20:18:53,818 - opcua.uaprotocol - INFO - received header: Header(type:b'MSG', chunk_type:b'F', body_size:54, channel:2732260888)
2026-04-03 20:18:53,819 - opcua.client.ua_client - INFO - read
2026-04-03 20:18:53,997 - opcua.uaprotocol - INFO - received header: Header(type:b'MSG', chunk_type:b'F', body_size:54, channel:2732260888)
2026-04-03 20:18:53,998 - opcua.client.ua_client - INFO - browse
2026-04-03 20:18:54,175 - opcua.uaprotocol - INFO - received header: Header(type:b'MSG', chunk_type:b'F', body_size:94, channel:2732260888)
2026-04-03 20:18:54,176 - opcua.client.ua_client - INFO - browse
2026-04-03 20:18:54,361 - opcua.uaprotocol - INFO - received header: Header(type:b'MSG', chunk_type:b'F', body_size:60, channel:2732260888)
2026-04-03 20:18:54,361 - opcua.client.ua_client - INFO - read
2026-04-03 20:18:54,541 - opcua.uaprotocol - INFO - received header: Header(type:b'MSG', chunk_type:b'F', body_size:61, channel:2732260888)
2026-04-03 20:18:54,541 - opcua.client.ua_client - INFO - read
2026-04-03 20:18:54,715 - opcua.uaprotocol - INFO - received header: Header(type:b'MSG', chunk_type:b'F', body_size:54, channel:2732260888)
2026-04-03 20:18:54,716 - opcua.client.ua_client - INFO - read
2026-04-03 20:18:54,895 - opcua.uaprotocol - INFO - received header: Header(type:b'MSG', chunk_type:b'F', body_size:54, channel:2732260888)
2026-04-03 20:18:54,895 - opcua.client.ua_client - INFO - browse
2026-04-03 20:18:55,061 - opcua.uaprotocol - INFO - received header: Header(type:b'MSG', chunk_type:b'F', body_size:94, channel:2732260888)
2026-04-03 20:18:55,062 - opcua.client.ua_client - INFO - browse
2026-04-03 20:18:55,243 - opcua.uaprotocol - INFO - received header: Header(type:b'MSG', chunk_type:b'F', body_size:60, channel:2732260888)
2026-04-03 20:18:55,244 - opcua.client.ua_client - INFO - read
2026-04-03 20:18:55,414 - opcua.uaprotocol - INFO - received header: Header(type:b'MSG', chunk_type:b'F', body_size:61, channel:2732260888)
2026-04-03 20:18:55,415 - opcua.client.ua_client - INFO - read
2026-04-03 20:18:55,609 - opcua.uaprotocol - INFO - received header: Header(type:b'MSG', chunk_type:b'F', body_size:54, channel:2732260888)
2026-04-03 20:18:55,610 - opcua.client.ua_client - INFO - read
2026-04-03 20:18:57,565 - opcua.client.ua_client.Socket - INFO - open_secure_channel
2026-04-03 20:18:58,754 - opcua.uaprotocol - INFO - received header: Header(type:b'MSG', chunk_type:b'F', body_size:54, channel:2732260888)
2026-04-03 20:18:58,755 - opcua.uaprotocol - INFO - received header: Header(type:b'OPN', chunk_type:b'F', body_size:124, channel:2732260888)
2026-04-03 20:18:58,756 - opcua.client.ua_client - INFO - browse
2026-04-03 20:18:58,757 - opcua.client.ua_client - INFO - read
2026-04-03 20:18:58,945 - opcua.uaprotocol - INFO - received header: Header(type:b'MSG', chunk_type:b'F', body_size:94, channel:2732260888)
2026-04-03 20:18:58,946 - opcua.client.ua_client - INFO - browse
2026-04-03 20:18:58,949 - opcua.uaprotocol - INFO - received header: Header(type:b'MSG', chunk_type:b'F', body_size:62, channel:2732260888)
2026-04-03 20:18:59,121 - opcua.uaprotocol - INFO - received header: Header(type:b'MSG', chunk_type:b'F', body_size:60, channel:2732260888)
2026-04-03 20:18:59,121 - opcua.client.ua_client - INFO - read
2026-04-03 20:18:59,290 - opcua.uaprotocol - INFO - received header: Header(type:b'MSG', chunk_type:b'F', body_size:61, channel:2732260888)
2026-04-03 20:18:59,290 - opcua.client.ua_client - INFO - read
2026-04-03 20:18:59,459 - opcua.uaprotocol - INFO - received header: Header(type:b'MSG', chunk_type:b'F', body_size:54, channel:2732260888)
2026-04-03 20:18:59,460 - opcua.client.ua_client - INFO - read
2026-04-03 20:18:59,643 - opcua.uaprotocol - INFO - received header: Header(type:b'MSG', chunk_type:b'F', body_size:54, channel:2732260888)
2026-04-03 20:18:59,644 - opcua.client.ua_client - INFO - browse
2026-04-03 20:18:59,848 - opcua.uaprotocol - INFO - received header: Header(type:b'MSG', chunk_type:b'F', body_size:94, channel:2732260888)
2026-04-03 20:18:59,849 - opcua.client.ua_client - INFO - browse
2026-04-03 20:19:00,054 - opcua.uaprotocol - INFO - received header: Header(type:b'MSG', chunk_type:b'F', body_size:60, channel:2732260888)
2026-04-03 20:19:00,054 - opcua.client.ua_client - INFO - read
2026-04-03 20:19:00,234 - opcua.uaprotocol - INFO - received header: Header(type:b'MSG', chunk_type:b'F', body_size:61, channel:2732260888)
2026-04-03 20:19:00,236 - opcua.client.ua_client - INFO - read
2026-04-03 20:19:00,422 - opcua.uaprotocol - INFO - received header: Header(type:b'MSG', chunk_type:b'F', body_size:54, channel:2732260888)
2026-04-03 20:19:00,423 - opcua.client.ua_client - INFO - read
2026-04-03 20:19:00,600 - opcua.uaprotocol - INFO - received header: Header(type:b'MSG', chunk_type:b'F', body_size:54, channel:2732260888)
2026-04-03 20:19:00,601 - opcua.client.ua_client - INFO - browse
2026-04-03 20:19:00,772 - opcua.uaprotocol - INFO - received header: Header(type:b'MSG', chunk_type:b'F', body_size:94, channel:2732260888)
2026-04-03 20:19:00,773 - opcua.client.ua_client - INFO - browse
2026-04-03 20:19:00,954 - opcua.uaprotocol - INFO - received header: Header(type:b'MSG', chunk_type:b'F', body_size:60, channel:2732260888)
2026-04-03 20:19:00,955 - opcua.client.ua_client - INFO - read
2026-04-03 20:19:01,135 - opcua.uaprotocol - INFO - received header: Header(type:b'MSG', chunk_type:b'F', body_size:61, channel:2732260888)
2026-04-03 20:19:01,136 - opcua.client.ua_client - INFO - read
2026-04-03 20:19:01,321 - opcua.uaprotocol - INFO - received header: Header(type:b'MSG', chunk_type:b'F', body_size:54, channel:2732260888)
2026-04-03 20:19:01,322 - opcua.client.ua_client - INFO - read
2026-04-03 20:19:01,502 - opcua.uaprotocol - INFO - received header: Header(type:b'MSG', chunk_type:b'F', body_size:54, channel:2732260888)
2026-04-03 20:19:01,502 - opcua.client.ua_client - INFO - browse
2026-04-03 20:19:01,686 - opcua.uaprotocol - INFO - received header: Header(type:b'MSG', chunk_type:b'F', body_size:94, channel:2732260888)
2026-04-03 20:19:01,687 - opcua.client.ua_client - INFO - browse
2026-04-03 20:19:01,854 - opcua.uaprotocol - INFO - received header: Header(type:b'MSG', chunk_type:b'F', body_size:60, channel:2732260888)
2026-04-03 20:19:01,854 - opcua.client.ua_client - INFO - read
2026-04-03 20:19:02,021 - opcua.uaprotocol - INFO - received header: Header(type:b'MSG', chunk_type:b'F', body_size:61, channel:2732260888)
2026-04-03 20:19:02,022 - opcua.client.ua_client - INFO - read
2026-04-03 20:19:02,203 - opcua.uaprotocol - INFO - received header: Header(type:b'MSG', chunk_type:b'F', body_size:54, channel:2732260888)
2026-04-03 20:19:02,204 - opcua.client.ua_client - INFO - read
2026-04-03 20:19:02,375 - opcua.uaprotocol - INFO - received header: Header(type:b'MSG', chunk_type:b'F', body_size:54, channel:2732260888)
2026-04-03 20:19:02,376 - opcua.client.ua_client - INFO - browse
2026-04-03 20:19:02,542 - opcua.uaprotocol - INFO - received header: Header(type:b'MSG', chunk_type:b'F', body_size:94, channel:2732260888)
2026-04-03 20:19:02,543 - opcua.client.ua_client - INFO - browse
2026-04-03 20:19:02,715 - opcua.uaprotocol - INFO - received header: Header(type:b'MSG', chunk_type:b'F', body_size:60, channel:2732260888)
2026-04-03 20:19:02,716 - opcua.client.ua_client - INFO - read
2026-04-03 20:19:02,896 - opcua.uaprotocol - INFO - received header: Header(type:b'MSG', chunk_type:b'F', body_size:61, channel:2732260888)
2026-04-03 20:19:02,897 - opcua.client.ua_client - INFO - read
2026-04-03 20:19:03,061 - opcua.uaprotocol - INFO - received header: Header(type:b'MSG', chunk_type:b'F', body_size:54, channel:2732260888)
2026-04-03 20:19:03,062 - opcua.client.ua_client - INFO - read
2026-04-03 20:19:03,240 - opcua.uaprotocol - INFO - received header: Header(type:b'MSG', chunk_type:b'F', body_size:54, channel:2732260888)
2026-04-03 20:19:03,240 - opcua.client.ua_client - INFO - browse
2026-04-03 20:19:03,413 - opcua.uaprotocol - INFO - received header: Header(type:b'MSG', chunk_type:b'F', body_size:94, channel:2732260888)
2026-04-03 20:19:03,414 - opcua.client.ua_client - INFO - browse
2026-04-03 20:19:03,582 - opcua.uaprotocol - INFO - received header: Header(type:b'MSG', chunk_type:b'F', body_size:60, channel:2732260888)
2026-04-03 20:19:03,582 - opcua.client.ua_client - INFO - read
2026-04-03 20:19:03,755 - opcua.uaprotocol - INFO - received header: Header(type:b'MSG', chunk_type:b'F', body_size:61, channel:2732260888)
2026-04-03 20:19:03,758 - opcua.client.ua_client - INFO - read
2026-04-03 20:19:03,935 - opcua.uaprotocol - INFO - received header: Header(type:b'MSG', chunk_type:b'F', body_size:54, channel:2732260888)
2026-04-03 20:19:03,935 - opcua.client.ua_client - INFO - read
2026-04-03 20:19:04,122 - opcua.uaprotocol - INFO - received header: Header(type:b'MSG', chunk_type:b'F', body_size:54, channel:2732260888)
2026-04-03 20:19:04,122 - opcua.client.ua_client - INFO - browse
2026-04-03 20:19:04,294 - opcua.uaprotocol - INFO - received header: Header(type:b'MSG', chunk_type:b'F', body_size:94, channel:2732260888)
2026-04-03 20:19:04,295 - opcua.client.ua_client - INFO - browse
2026-04-03 20:19:04,473 - opcua.uaprotocol - INFO - received header: Header(type:b'MSG', chunk_type:b'F', body_size:60, channel:2732260888)
2026-04-03 20:19:04,473 - opcua.client.ua_client - INFO - read
2026-04-03 20:19:04,648 - opcua.uaprotocol - INFO - received header: Header(type:b'MSG', chunk_type:b'F', body_size:61, channel:2732260888)
2026-04-03 20:19:04,649 - opcua.client.ua_client - INFO - read
2026-04-03 20:19:04,814 - opcua.uaprotocol - INFO - received header: Header(type:b'MSG', chunk_type:b'F', body_size:54, channel:2732260888)
2026-04-03 20:19:04,816 - opcua.client.ua_client - INFO - read
2026-04-03 20:19:05,003 - opcua.uaprotocol - INFO - received header: Header(type:b'MSG', chunk_type:b'F', body_size:54, channel:2732260888)
2026-04-03 20:19:05,004 - opcua.client.ua_client - INFO - browse
2026-04-03 20:19:05,181 - opcua.uaprotocol - INFO - received header: Header(type:b'MSG', chunk_type:b'F', body_size:94, channel:2732260888)
2026-04-03 20:19:05,182 - opcua.client.ua_client - INFO - browse
2026-04-03 20:19:05,357 - opcua.uaprotocol - INFO - received header: Header(type:b'MSG', chunk_type:b'F', body_size:60, channel:2732260888)
2026-04-03 20:19:05,358 - opcua.client.ua_client - INFO - read
2026-04-03 20:19:05,537 - opcua.uaprotocol - INFO - received header: Header(type:b'MSG', chunk_type:b'F', body_size:61, channel:2732260888)
2026-04-03 20:19:05,538 - opcua.client.ua_client - INFO - read
2026-04-03 20:19:05,720 - opcua.uaprotocol - INFO - received header: Header(type:b'MSG', chunk_type:b'F', body_size:54, channel:2732260888)
2026-04-03 20:19:05,721 - opcua.client.ua_client - INFO - read
2026-04-03 20:19:05,914 - opcua.uaprotocol - INFO - received header: Header(type:b'MSG', chunk_type:b'F', body_size:54, channel:2732260888)
2026-04-03 20:19:05,915 - opcua.client.ua_client - INFO - browse
2026-04-03 20:19:06,118 - opcua.uaprotocol - INFO - received header: Header(type:b'MSG', chunk_type:b'F', body_size:94, channel:2732260888)
2026-04-03 20:19:06,119 - opcua.client.ua_client - INFO - browse
2026-04-03 20:19:06,395 - opcua.uaprotocol - INFO - received header: Header(type:b'MSG', chunk_type:b'F', body_size:60, channel:2732260888)
2026-04-03 20:19:06,396 - opcua.client.ua_client - INFO - read
2026-04-03 20:19:06,578 - opcua.uaprotocol - INFO - received header: Header(type:b'MSG', chunk_type:b'F', body_size:61, channel:2732260888)
2026-04-03 20:19:06,579 - opcua.client.ua_client - INFO - read
2026-04-03 20:19:06,754 - opcua.uaprotocol - INFO - received header: Header(type:b'MSG', chunk_type:b'F', body_size:54, channel:2732260888)
2026-04-03 20:19:06,755 - opcua.client.ua_client - INFO - read
2026-04-03 20:19:06,933 - opcua.uaprotocol - INFO - received header: Header(type:b'MSG', chunk_type:b'F', body_size:54, channel:2732260888)
2026-04-03 20:19:06,934 - opcua.client.ua_client - INFO - browse
2026-04-03 20:19:07,106 - opcua.uaprotocol - INFO - received header: Header(type:b'MSG', chunk_type:b'F', body_size:94, channel:2732260888)
2026-04-03 20:19:07,107 - opcua.client.ua_client - INFO - browse
2026-04-03 20:19:07,275 - opcua.uaprotocol - INFO - received header: Header(type:b'MSG', chunk_type:b'F', body_size:60, channel:2732260888)
2026-04-03 20:19:07,276 - opcua.client.ua_client - INFO - read
2026-04-03 20:19:07,440 - opcua.uaprotocol - INFO - received header: Header(type:b'MSG', chunk_type:b'F', body_size:61, channel:2732260888)
2026-04-03 20:19:07,441 - opcua.client.ua_client - INFO - read
2026-04-03 20:19:07,611 - opcua.uaprotocol - INFO - received header: Header(type:b'MSG', chunk_type:b'F', body_size:54, channel:2732260888)
2026-04-03 20:19:07,611 - opcua.client.ua_client - INFO - read
2026-04-03 20:19:08,040 - opcua.uaprotocol - INFO - received header: Header(type:b'MSG', chunk_type:b'F', body_size:54, channel:2732260888)
2026-04-03 20:19:08,040 - opcua.client.ua_client - INFO - browse
2026-04-03 20:19:08,208 - opcua.uaprotocol - INFO - received header: Header(type:b'MSG', chunk_type:b'F', body_size:94, channel:2732260888)
2026-04-03 20:19:08,209 - opcua.client.ua_client - INFO - browse
2026-04-03 20:19:08,385 - opcua.uaprotocol - INFO - received header: Header(type:b'MSG', chunk_type:b'F', body_size:60, channel:2732260888)
2026-04-03 20:19:08,386 - opcua.client.ua_client - INFO - read
2026-04-03 20:19:08,560 - opcua.uaprotocol - INFO - received header: Header(type:b'MSG', chunk_type:b'F', body_size:61, channel:2732260888)
2026-04-03 20:19:08,560 - opcua.client.ua_client - INFO - read
2026-04-03 20:19:08,745 - opcua.uaprotocol - INFO - received header: Header(type:b'MSG', chunk_type:b'F', body_size:54, channel:2732260888)
2026-04-03 20:19:08,746 - opcua.client.ua_client - INFO - read
2026-04-03 20:19:08,916 - opcua.uaprotocol - INFO - received header: Header(type:b'MSG', chunk_type:b'F', body_size:54, channel:2732260888)
2026-04-03 20:19:08,916 - opcua.client.ua_client - INFO - browse
2026-04-03 20:19:09,096 - opcua.uaprotocol - INFO - received header: Header(type:b'MSG', chunk_type:b'F', body_size:94, channel:2732260888)
2026-04-03 20:19:09,097 - opcua.client.ua_client - INFO - browse
2026-04-03 20:19:09,265 - opcua.uaprotocol - INFO - received header: Header(type:b'MSG', chunk_type:b'F', body_size:60, channel:2732260888)
2026-04-03 20:19:09,266 - opcua.client.ua_client - INFO - read
2026-04-03 20:19:09,436 - opcua.uaprotocol - INFO - received header: Header(type:b'MSG', chunk_type:b'F', body_size:61, channel:2732260888)
2026-04-03 20:19:09,437 - opcua.client.ua_client - INFO - read
2026-04-03 20:19:09,602 - opcua.uaprotocol - INFO - received header: Header(type:b'MSG', chunk_type:b'F', body_size:54, channel:2732260888)
2026-04-03 20:19:09,602 - opcua.client.ua_client - INFO - read
2026-04-03 20:19:09,785 - opcua.uaprotocol - INFO - received header: Header(type:b'MSG', chunk_type:b'F', body_size:54, channel:2732260888)
2026-04-03 20:19:09,785 - opcua.client.ua_client - INFO - browse
2026-04-03 20:19:09,963 - opcua.uaprotocol - INFO - received header: Header(type:b'MSG', chunk_type:b'F', body_size:94, channel:2732260888)
2026-04-03 20:19:09,964 - opcua.client.ua_client - INFO - browse
2026-04-03 20:19:10,142 - opcua.uaprotocol - INFO - received header: Header(type:b'MSG', chunk_type:b'F', body_size:60, channel:2732260888)
2026-04-03 20:19:10,143 - opcua.client.ua_client - INFO - read
2026-04-03 20:19:10,311 - opcua.uaprotocol - INFO - received header: Header(type:b'MSG', chunk_type:b'F', body_size:61, channel:2732260888)
2026-04-03 20:19:10,312 - opcua.client.ua_client - INFO - read
2026-04-03 20:19:10,483 - opcua.uaprotocol - INFO - received header: Header(type:b'MSG', chunk_type:b'F', body_size:54, channel:2732260888)
2026-04-03 20:19:10,484 - opcua.client.ua_client - INFO - read
2026-04-03 20:19:10,659 - opcua.uaprotocol - INFO - received header: Header(type:b'MSG', chunk_type:b'F', body_size:54, channel:2732260888)
2026-04-03 20:19:10,660 - opcua.client.ua_client - INFO - browse
2026-04-03 20:19:10,836 - opcua.uaprotocol - INFO - received header: Header(type:b'MSG', chunk_type:b'F', body_size:94, channel:2732260888)
2026-04-03 20:19:10,836 - opcua.client.ua_client - INFO - browse
2026-04-03 20:19:11,005 - opcua.uaprotocol - INFO - received header: Header(type:b'MSG', chunk_type:b'F', body_size:60, channel:2732260888)
2026-04-03 20:19:11,006 - opcua.client.ua_client - INFO - read
2026-04-03 20:19:11,181 - opcua.uaprotocol - INFO - received header: Header(type:b'MSG', chunk_type:b'F', body_size:61, channel:2732260888)
2026-04-03 20:19:11,182 - opcua.client.ua_client - INFO - read
2026-04-03 20:19:11,359 - opcua.uaprotocol - INFO - received header: Header(type:b'MSG', chunk_type:b'F', body_size:54, channel:2732260888)
2026-04-03 20:19:11,359 - opcua.client.ua_client - INFO - read
2026-04-03 20:19:11,544 - opcua.uaprotocol - INFO - received header: Header(type:b'MSG', chunk_type:b'F', body_size:54, channel:2732260888)
2026-04-03 20:19:11,544 - opcua.client.ua_client - INFO - browse
2026-04-03 20:19:11,722 - opcua.uaprotocol - INFO - received header: Header(type:b'MSG', chunk_type:b'F', body_size:94, channel:2732260888)
2026-04-03 20:19:11,723 - opcua.client.ua_client - INFO - browse
2026-04-03 20:19:11,905 - opcua.uaprotocol - INFO - received header: Header(type:b'MSG', chunk_type:b'F', body_size:60, channel:2732260888)
2026-04-03 20:19:11,906 - opcua.client.ua_client - INFO - read
2026-04-03 20:19:12,082 - opcua.uaprotocol - INFO - received header: Header(type:b'MSG', chunk_type:b'F', body_size:61, channel:2732260888)
2026-04-03 20:19:12,082 - opcua.client.ua_client - INFO - read
2026-04-03 20:19:12,261 - opcua.uaprotocol - INFO - received header: Header(type:b'MSG', chunk_type:b'F', body_size:54, channel:2732260888)
2026-04-03 20:19:12,261 - opcua.client.ua_client - INFO - read
2026-04-03 20:19:12,430 - opcua.uaprotocol - INFO - received header: Header(type:b'MSG', chunk_type:b'F', body_size:54, channel:2732260888)
2026-04-03 20:19:12,431 - opcua.client.ua_client - INFO - browse
2026-04-03 20:19:12,597 - opcua.uaprotocol - INFO - received header: Header(type:b'MSG', chunk_type:b'F', body_size:94, channel:2732260888)
2026-04-03 20:19:12,598 - opcua.client.ua_client - INFO - browse
2026-04-03 20:19:12,774 - opcua.uaprotocol - INFO - received header: Header(type:b'MSG', chunk_type:b'F', body_size:60, channel:2732260888)
2026-04-03 20:19:12,776 - opcua.client.ua_client - INFO - read
2026-04-03 20:19:12,943 - opcua.uaprotocol - INFO - received header: Header(type:b'MSG', chunk_type:b'F', body_size:61, channel:2732260888)
2026-04-03 20:19:12,944 - opcua.client.ua_client - INFO - read
2026-04-03 20:19:13,116 - opcua.uaprotocol - INFO - received header: Header(type:b'MSG', chunk_type:b'F', body_size:54, channel:2732260888)
2026-04-03 20:19:13,117 - opcua.client.ua_client - INFO - read
2026-04-03 20:19:13,281 - opcua.uaprotocol - INFO - received header: Header(type:b'MSG', chunk_type:b'F', body_size:54, channel:2732260888)
2026-04-03 20:19:13,281 - opcua.client.ua_client - INFO - browse
2026-04-03 20:19:13,441 - opcua.uaprotocol - INFO - received header: Header(type:b'MSG', chunk_type:b'F', body_size:94, channel:2732260888)
2026-04-03 20:19:13,442 - opcua.client.ua_client - INFO - browse
2026-04-03 20:19:13,615 - opcua.uaprotocol - INFO - received header: Header(type:b'MSG', chunk_type:b'F', body_size:60, channel:2732260888)
2026-04-03 20:19:13,616 - opcua.client.ua_client - INFO - read
2026-04-03 20:19:13,817 - opcua.uaprotocol - INFO - received header: Header(type:b'MSG', chunk_type:b'F', body_size:61, channel:2732260888)
2026-04-03 20:19:13,831 - opcua.client.ua_client - INFO - read
2026-04-03 20:19:13,993 - opcua.uaprotocol - INFO - received header: Header(type:b'MSG', chunk_type:b'F', body_size:54, channel:2732260888)
2026-04-03 20:19:13,994 - opcua.client.ua_client - INFO - read
2026-04-03 20:19:14,165 - opcua.uaprotocol - INFO - received header: Header(type:b'MSG', chunk_type:b'F', body_size:54, channel:2732260888)
2026-04-03 20:19:14,166 - opcua.client.ua_client - INFO - browse
2026-04-03 20:19:14,334 - opcua.uaprotocol - INFO - received header: Header(type:b'MSG', chunk_type:b'F', body_size:94, channel:2732260888)
2026-04-03 20:19:14,335 - opcua.client.ua_client - INFO - browse
2026-04-03 20:19:14,503 - opcua.uaprotocol - INFO - received header: Header(type:b'MSG', chunk_type:b'F', body_size:60, channel:2732260888)
2026-04-03 20:19:14,504 - opcua.client.ua_client - INFO - read
2026-04-03 20:19:14,719 - opcua.uaprotocol - INFO - received header: Header(type:b'MSG', chunk_type:b'F', body_size:61, channel:2732260888)
2026-04-03 20:19:14,719 - opcua.client.ua_client - INFO - read
2026-04-03 20:19:14,895 - opcua.uaprotocol - INFO - received header: Header(type:b'MSG', chunk_type:b'F', body_size:54, channel:2732260888)
2026-04-03 20:19:14,898 - opcua.client.ua_client - INFO - read
2026-04-03 20:19:15,075 - opcua.uaprotocol - INFO - received header: Header(type:b'MSG', chunk_type:b'F', body_size:54, channel:2732260888)
2026-04-03 20:19:15,076 - opcua.client.ua_client - INFO - browse
2026-04-03 20:19:15,242 - opcua.uaprotocol - INFO - received header: Header(type:b'MSG', chunk_type:b'F', body_size:94, channel:2732260888)
2026-04-03 20:19:15,243 - opcua.client.ua_client - INFO - browse
2026-04-03 20:19:15,415 - opcua.uaprotocol - INFO - received header: Header(type:b'MSG', chunk_type:b'F', body_size:60, channel:2732260888)
2026-04-03 20:19:15,416 - opcua.client.ua_client - INFO - read
2026-04-03 20:19:15,601 - opcua.uaprotocol - INFO - received header: Header(type:b'MSG', chunk_type:b'F', body_size:61, channel:2732260888)
2026-04-03 20:19:15,601 - opcua.client.ua_client - INFO - read
2026-04-03 20:19:15,764 - opcua.uaprotocol - INFO - received header: Header(type:b'MSG', chunk_type:b'F', body_size:54, channel:2732260888)
2026-04-03 20:19:15,765 - opcua.client.ua_client - INFO - read
2026-04-03 20:19:15,927 - opcua.uaprotocol - INFO - received header: Header(type:b'MSG', chunk_type:b'F', body_size:54, channel:2732260888)
2026-04-03 20:19:15,928 - opcua.client.ua_client - INFO - browse
2026-04-03 20:19:16,102 - opcua.uaprotocol - INFO - received header: Header(type:b'MSG', chunk_type:b'F', body_size:94, channel:2732260888)
2026-04-03 20:19:16,103 - opcua.client.ua_client - INFO - browse
2026-04-03 20:19:16,296 - opcua.uaprotocol - INFO - received header: Header(type:b'MSG', chunk_type:b'F', body_size:60, channel:2732260888)
2026-04-03 20:19:16,298 - opcua.client.ua_client - INFO - read
2026-04-03 20:19:16,484 - opcua.uaprotocol - INFO - received header: Header(type:b'MSG', chunk_type:b'F', body_size:65, channel:2732260888)
2026-04-03 20:19:16,485 - opcua.client.ua_client - INFO - read
2026-04-03 20:19:16,670 - opcua.uaprotocol - INFO - received header: Header(type:b'MSG', chunk_type:b'F', body_size:54, channel:2732260888)
2026-04-03 20:19:16,670 - opcua.client.ua_client - INFO - read
2026-04-03 20:19:16,848 - opcua.uaprotocol - INFO - received header: Header(type:b'MSG', chunk_type:b'F', body_size:52, channel:2732260888)
2026-04-03 20:19:16,848 - opcua.client.ua_client - INFO - browse
2026-04-03 20:19:17,034 - opcua.uaprotocol - INFO - received header: Header(type:b'MSG', chunk_type:b'F', body_size:60, channel:2732260888)
2026-04-03 20:19:17,035 - opcua.client.ua_client - INFO - read
2026-04-03 20:19:17,234 - opcua.uaprotocol - INFO - received header: Header(type:b'MSG', chunk_type:b'F', body_size:65, channel:2732260888)
2026-04-03 20:19:17,234 - opcua.client.ua_client - INFO - read
2026-04-03 20:19:17,438 - opcua.uaprotocol - INFO - received header: Header(type:b'MSG', chunk_type:b'F', body_size:54, channel:2732260888)
2026-04-03 20:19:17,438 - opcua.client.ua_client - INFO - read
2026-04-03 20:19:17,619 - opcua.uaprotocol - INFO - received header: Header(type:b'MSG', chunk_type:b'F', body_size:52, channel:2732260888)
2026-04-03 20:19:17,620 - opcua.client.ua_client - INFO - browse
2026-04-03 20:19:17,812 - opcua.uaprotocol - INFO - received header: Header(type:b'MSG', chunk_type:b'F', body_size:60, channel:2732260888)
2026-04-03 20:19:17,815 - opcua.client.ua_client - INFO - read
2026-04-03 20:19:18,083 - opcua.uaprotocol - INFO - received header: Header(type:b'MSG', chunk_type:b'F', body_size:65, channel:2732260888)
2026-04-03 20:19:18,083 - opcua.client.ua_client - INFO - read
2026-04-03 20:19:18,380 - opcua.uaprotocol - INFO - received header: Header(type:b'MSG', chunk_type:b'F', body_size:54, channel:2732260888)
2026-04-03 20:19:18,381 - opcua.client.ua_client - INFO - read
2026-04-03 20:19:18,656 - opcua.uaprotocol - INFO - received header: Header(type:b'MSG', chunk_type:b'F', body_size:52, channel:2732260888)
2026-04-03 20:19:18,657 - opcua.client.ua_client - INFO - browse
2026-04-03 20:19:18,830 - opcua.uaprotocol - INFO - received header: Header(type:b'MSG', chunk_type:b'F', body_size:60, channel:2732260888)
2026-04-03 20:19:18,832 - opcua.client.ua_client - INFO - read
2026-04-03 20:19:19,011 - opcua.uaprotocol - INFO - received header: Header(type:b'MSG', chunk_type:b'F', body_size:65, channel:2732260888)
2026-04-03 20:19:19,012 - opcua.client.ua_client - INFO - read
2026-04-03 20:19:19,217 - opcua.uaprotocol - INFO - received header: Header(type:b'MSG', chunk_type:b'F', body_size:54, channel:2732260888)
2026-04-03 20:19:19,218 - opcua.client.ua_client - INFO - read
2026-04-03 20:19:19,414 - opcua.uaprotocol - INFO - received header: Header(type:b'MSG', chunk_type:b'F', body_size:52, channel:2732260888)
2026-04-03 20:19:19,414 - opcua.client.ua_client - INFO - browse
2026-04-03 20:19:19,595 - opcua.uaprotocol - INFO - received header: Header(type:b'MSG', chunk_type:b'F', body_size:60, channel:2732260888)
2026-04-03 20:19:19,596 - opcua.client.ua_client - INFO - read
2026-04-03 20:19:19,765 - opcua.uaprotocol - INFO - received header: Header(type:b'MSG', chunk_type:b'F', body_size:65, channel:2732260888)
2026-04-03 20:19:19,765 - opcua.client.ua_client - INFO - read
2026-04-03 20:19:19,942 - opcua.uaprotocol - INFO - received header: Header(type:b'MSG', chunk_type:b'F', body_size:54, channel:2732260888)
2026-04-03 20:19:19,942 - opcua.client.ua_client - INFO - read
2026-04-03 20:19:19,953 - opcua.client.ua_client.Socket - INFO - open_secure_channel
2026-04-03 20:19:20,102 - opcua.uaprotocol - INFO - received header: Header(type:b'MSG', chunk_type:b'F', body_size:52, channel:2732260888)
2026-04-03 20:19:20,102 - opcua.client.ua_client - INFO - browse
2026-04-03 20:19:20,119 - opcua.uaprotocol - INFO - received header: Header(type:b'OPN', chunk_type:b'F', body_size:124, channel:2732260888)
2026-04-03 20:19:20,120 - opcua.client.ua_client - INFO - read
2026-04-03 20:19:20,288 - opcua.uaprotocol - INFO - received header: Header(type:b'MSG', chunk_type:b'F', body_size:60, channel:2732260888)
2026-04-03 20:19:20,290 - opcua.client.ua_client - INFO - read
2026-04-03 20:19:20,292 - opcua.uaprotocol - INFO - received header: Header(type:b'MSG', chunk_type:b'F', body_size:62, channel:2732260888)
2026-04-03 20:19:20,466 - opcua.uaprotocol - INFO - received header: Header(type:b'MSG', chunk_type:b'F', body_size:65, channel:2732260888)
2026-04-03 20:19:20,467 - opcua.client.ua_client - INFO - read
2026-04-03 20:19:20,642 - opcua.uaprotocol - INFO - received header: Header(type:b'MSG', chunk_type:b'F', body_size:54, channel:2732260888)
2026-04-03 20:19:20,644 - opcua.client.ua_client - INFO - read
2026-04-03 20:19:20,820 - opcua.uaprotocol - INFO - received header: Header(type:b'MSG', chunk_type:b'F', body_size:52, channel:2732260888)
2026-04-03 20:19:20,821 - opcua.client.ua_client - INFO - browse
2026-04-03 20:19:21,001 - opcua.uaprotocol - INFO - received header: Header(type:b'MSG', chunk_type:b'F', body_size:60, channel:2732260888)
2026-04-03 20:19:21,003 - opcua.client.ua_client - INFO - read
2026-04-03 20:19:21,181 - opcua.uaprotocol - INFO - received header: Header(type:b'MSG', chunk_type:b'F', body_size:65, channel:2732260888)
2026-04-03 20:19:21,182 - opcua.client.ua_client - INFO - read
2026-04-03 20:19:21,363 - opcua.uaprotocol - INFO - received header: Header(type:b'MSG', chunk_type:b'F', body_size:54, channel:2732260888)
2026-04-03 20:19:21,364 - opcua.client.ua_client - INFO - read
2026-04-03 20:19:21,546 - opcua.uaprotocol - INFO - received header: Header(type:b'MSG', chunk_type:b'F', body_size:52, channel:2732260888)
2026-04-03 20:19:21,547 - opcua.client.ua_client - INFO - browse
2026-04-03 20:19:21,721 - opcua.uaprotocol - INFO - received header: Header(type:b'MSG', chunk_type:b'F', body_size:60, channel:2732260888)
2026-04-03 20:19:21,721 - opcua.client.ua_client - INFO - read
2026-04-03 20:19:21,884 - opcua.uaprotocol - INFO - received header: Header(type:b'MSG', chunk_type:b'F', body_size:65, channel:2732260888)
2026-04-03 20:19:21,885 - opcua.client.ua_client - INFO - read
2026-04-03 20:19:22,068 - opcua.uaprotocol - INFO - received header: Header(type:b'MSG', chunk_type:b'F', body_size:54, channel:2732260888)
2026-04-03 20:19:22,068 - opcua.client.ua_client - INFO - read
2026-04-03 20:19:22,237 - opcua.uaprotocol - INFO - received header: Header(type:b'MSG', chunk_type:b'F', body_size:52, channel:2732260888)
2026-04-03 20:19:22,237 - opcua.client.ua_client - INFO - browse
2026-04-03 20:19:22,415 - opcua.uaprotocol - INFO - received header: Header(type:b'MSG', chunk_type:b'F', body_size:60, channel:2732260888)
2026-04-03 20:19:22,416 - opcua.client.ua_client - INFO - read
2026-04-03 20:19:22,582 - opcua.uaprotocol - INFO - received header: Header(type:b'MSG', chunk_type:b'F', body_size:65, channel:2732260888)
2026-04-03 20:19:22,583 - opcua.client.ua_client - INFO - read
2026-04-03 20:19:22,757 - opcua.uaprotocol - INFO - received header: Header(type:b'MSG', chunk_type:b'F', body_size:54, channel:2732260888)
2026-04-03 20:19:22,758 - opcua.client.ua_client - INFO - read
2026-04-03 20:19:22,945 - opcua.uaprotocol - INFO - received header: Header(type:b'MSG', chunk_type:b'F', body_size:52, channel:2732260888)
2026-04-03 20:19:22,946 - opcua.client.ua_client - INFO - browse
2026-04-03 20:19:23,122 - opcua.uaprotocol - INFO - received header: Header(type:b'MSG', chunk_type:b'F', body_size:60, channel:2732260888)
2026-04-03 20:19:23,123 - opcua.client.ua_client - INFO - read
2026-04-03 20:19:23,297 - opcua.uaprotocol - INFO - received header: Header(type:b'MSG', chunk_type:b'F', body_size:66, channel:2732260888)
2026-04-03 20:19:23,298 - opcua.client.ua_client - INFO - read
2026-04-03 20:19:23,474 - opcua.uaprotocol - INFO - received header: Header(type:b'MSG', chunk_type:b'F', body_size:54, channel:2732260888)
2026-04-03 20:19:23,476 - opcua.client.ua_client - INFO - read
2026-04-03 20:19:23,657 - opcua.uaprotocol - INFO - received header: Header(type:b'MSG', chunk_type:b'F', body_size:52, channel:2732260888)
2026-04-03 20:19:23,658 - opcua.client.ua_client - INFO - browse
2026-04-03 20:19:23,821 - opcua.uaprotocol - INFO - received header: Header(type:b'MSG', chunk_type:b'F', body_size:60, channel:2732260888)
2026-04-03 20:19:23,822 - opcua.client.ua_client - INFO - read
2026-04-03 20:19:23,988 - opcua.uaprotocol - INFO - received header: Header(type:b'MSG', chunk_type:b'F', body_size:66, channel:2732260888)
2026-04-03 20:19:23,988 - opcua.client.ua_client - INFO - close_session
2026-04-03 20:19:24,160 - opcua.uaprotocol - INFO - received header: Header(type:b'MSG', chunk_type:b'F', body_size:40, channel:2732260888)
2026-04-03 20:19:24,161 - opcua.client.ua_client.Socket - INFO - close_secure_channel
2026-04-03 20:19:24,161 - opcua.client.ua_client.Socket - INFO - Request to close socket received
2026-04-03 20:19:24,161 - opcua.client.ua_client.Socket - INFO - Socket closed, waiting for receiver thread to terminate...
2026-04-03 20:19:24,162 - opcua.client.ua_client.Socket - INFO - Socket has closed connection
2026-04-03 20:19:24,162 - opcua.client.ua_client.Socket - INFO - Cancelling request 375
2026-04-03 20:19:24,162 - opcua.client.ua_client.Socket - INFO - Thread ended
2026-04-03 20:19:24,162 - opcua.client.ua_client.Socket - INFO - Done closing socket: Receiving thread terminated, socket disconnected
2026-04-03 20:19:24,162 - OpcUa.ClientOpcUa - INFO - OPCUA: disconnect endpoint=opc.tcp://10.0.0.1:4840
